\BOOKMARK [0][-]{chapter*.2}{Contributors}{}% 1
\BOOKMARK [0][-]{chapter*.3}{Foreword}{}% 2
\BOOKMARK [0][-]{chapter*.4}{Preface}{}% 3
\BOOKMARK [0][-]{chapter*.5}{Acknowledgments}{}% 4
\BOOKMARK [0][-]{chapter*.6}{Acronyms}{}% 5
\BOOKMARK [0][-]{chapter*.7}{Introduction}{}% 6
\BOOKMARK [0][-]{chapter.1}{This is Chapter One Title containing authors and affiliations}{}% 7
\BOOKMARK [1][-]{section.1.1}{This is First Level Heading}{chapter.1}% 8
\BOOKMARK [2][-]{subsection.1.1.1}{This is Second Level Heading}{section.1.1}% 9
\BOOKMARK [0][-]{chapter.2}{This is Chapter Two Title}{}% 10
\BOOKMARK [1][-]{section.2.1}{This is First Level Heading}{chapter.2}% 11
\BOOKMARK [2][-]{subsection.2.1.1}{This is Second Level Heading}{section.2.1}% 12
\BOOKMARK [0][-]{chapter.3}{This is Chapter Three Title}{}% 13
\BOOKMARK [1][-]{section.3.1}{This is First Level Heading}{chapter.3}% 14
\BOOKMARK [1][-]{section.3.1}{Example for Quotes}{chapter.3}% 15
\BOOKMARK [1][-]{section.3.1}{Example for Extracts}{chapter.3}% 16
\BOOKMARK [1][-]{section.3.1}{Example for Pull quotes}{chapter.3}% 17
\BOOKMARK [1][-]{section.3.1}{Example for Verse/Poetry}{chapter.3}% 18
\BOOKMARK [1][-]{section.3.1}{Example for Epigraph}{chapter.3}% 19
\BOOKMARK [1][-]{section.3.1}{Example for Dialogue}{chapter.3}% 20
\BOOKMARK [1][-]{section.3.1}{Exercises}{chapter.3}% 21
\BOOKMARK [0][-]{chapter.4}{This is Chapter Four Title}{}% 22
\BOOKMARK [1][-]{section.4.1}{This is First Level Heading}{chapter.4}% 23
\BOOKMARK [1][-]{section.4.1}{Example for Feature Fixed}{chapter.4}% 24
\BOOKMARK [1][-]{section.4.1}{Example for Boxes}{chapter.4}% 25
\BOOKMARK [0][-]{chapter.5}{This is Chapter Five Title}{}% 26
\BOOKMARK [1][-]{section.5.1}{This is First Level Heading}{chapter.5}% 27
\BOOKMARK [1][-]{section.5.1}{Enunciations}{chapter.5}% 28
\BOOKMARK [1][-]{remark.5.1}{Computer Material}{chapter.5}% 29
\BOOKMARK [1][-]{remark.5.1}{Icons}{chapter.5}% 30
\BOOKMARK [1][-]{remark.5.1}{Problems}{chapter.5}% 31
\BOOKMARK [0][-]{appendix.A}{This is Appendix Title}{}% 32
\BOOKMARK [1][-]{section.A.1}{This is First Level Heading}{appendix.A}% 33
\BOOKMARK [2][-]{subsection.A.1.1}{This is Second Level Heading}{section.A.1}% 34
\BOOKMARK [0][-]{appendix.B}{This is Appendix Title}{}% 35
\BOOKMARK [1][-]{section.B.1}{This is First Level Heading}{appendix.B}% 36
\BOOKMARK [2][-]{subsection.B.1.1}{This is Second Level Heading}{section.B.1}% 37
\BOOKMARK [0][-]{appendix*.8}{Index}{}% 38
